[debug] [2022-07-15T07:47:38.864Z] ----------------------------------------------------------------------
[debug] [2022-07-15T07:47:38.865Z] Command:       C:\Program Files\nodejs\node.exe C:\Users\SRC\AppData\Roaming\npm\node_modules\firebase-tools\lib\bin\firebase.js emulators:start
[debug] [2022-07-15T07:47:38.866Z] CLI Version:   11.2.1
[debug] [2022-07-15T07:47:38.866Z] Platform:      win32
[debug] [2022-07-15T07:47:38.866Z] Node Version:  v16.16.0
[debug] [2022-07-15T07:47:38.867Z] Time:          Fri Jul 15 2022 13:17:38 GMT+0530 (India Standard Time)
[debug] [2022-07-15T07:47:38.867Z] ----------------------------------------------------------------------
[debug] 
[debug] [2022-07-15T07:47:38.929Z] > command requires scopes: ["email","openid","https://www.googleapis.com/auth/cloudplatformprojects.readonly","https://www.googleapis.com/auth/firebase","https://www.googleapis.com/auth/cloud-platform"]
[debug] [2022-07-15T07:47:38.929Z] > authorizing via signed-in user (sujeet.raj.chaudhari99@gmail.com)
[info] i  emulators: Starting emulators: functions, hosting {"metadata":{"emulator":{"name":"hub"},"message":"Starting emulators: functions, hosting"}}
[debug] [2022-07-15T07:47:38.958Z] [hub] writing locator at C:\Users\SRC\AppData\Local\Temp\hub-clone-c480d.json
[warn] !  functions: The following emulators are not running, calls to these services from the Functions emulator will affect production: auth, firestore, database, pubsub, storage {"metadata":{"emulator":{"name":"functions"},"message":"The following emulators are not running, calls to these services from the Functions emulator will affect production: \u001b[1mauth, firestore, database, pubsub, storage\u001b[22m"}}
[info] +  functions: Using node@16 from host. {"metadata":{"emulator":{"name":"functions"},"message":"Using node@16 from host."}}
[debug] [2022-07-15T07:47:39.098Z] defaultcredentials: writing to file C:\Users\SRC\AppData\Roaming\firebase\sujeet_raj.chaudhari99_gmail.com_application_default_credentials.json
[debug] [2022-07-15T07:47:39.099Z] Setting GAC to C:\Users\SRC\AppData\Roaming\firebase\sujeet_raj.chaudhari99_gmail.com_application_default_credentials.json {"metadata":{"emulator":{"name":"functions"},"message":"Setting GAC to C:\\Users\\SRC\\AppData\\Roaming\\firebase\\sujeet_raj.chaudhari99_gmail.com_application_default_credentials.json"}}
[debug] [2022-07-15T07:47:39.101Z] >>> [apiv2][query] GET https://firebase.googleapis.com/v1beta1/projects/clone-c480d/adminSdkConfig [none]
[debug] [2022-07-15T07:47:40.006Z] <<< [apiv2][status] GET https://firebase.googleapis.com/v1beta1/projects/clone-c480d/adminSdkConfig 200
[debug] [2022-07-15T07:47:40.006Z] <<< [apiv2][body] GET https://firebase.googleapis.com/v1beta1/projects/clone-c480d/adminSdkConfig {"projectId":"clone-c480d","storageBucket":"clone-c480d.appspot.com","locationId":"asia-southeast1"}
[debug] [2022-07-15T07:47:40.022Z] >>> [apiv2][query] GET https://firebasehosting.googleapis.com/v1beta1/projects/clone-c480d/sites 
[debug] [2022-07-15T07:47:42.238Z] <<< [apiv2][status] GET https://firebasehosting.googleapis.com/v1beta1/projects/clone-c480d/sites 200
[debug] [2022-07-15T07:47:42.238Z] <<< [apiv2][body] GET https://firebasehosting.googleapis.com/v1beta1/projects/clone-c480d/sites {"sites":[{"name":"projects/clone-c480d/sites/clone-c480d","defaultUrl":"https://clone-c480d.web.app","appId":"1:1005599068264:web:91cd97452427fd71d8ebdd","type":"DEFAULT_SITE"}]}
[debug] [2022-07-15T07:47:42.238Z] >>> [apiv2][query] GET https://firebase.googleapis.com/v1beta1/projects/clone-c480d/webApps/1:1005599068264:web:91cd97452427fd71d8ebdd/config [none]
[debug] [2022-07-15T07:47:43.704Z] <<< [apiv2][status] GET https://firebase.googleapis.com/v1beta1/projects/clone-c480d/webApps/1:1005599068264:web:91cd97452427fd71d8ebdd/config 200
[debug] [2022-07-15T07:47:43.704Z] <<< [apiv2][body] GET https://firebase.googleapis.com/v1beta1/projects/clone-c480d/webApps/1:1005599068264:web:91cd97452427fd71d8ebdd/config {"projectId":"clone-c480d","appId":"1:1005599068264:web:91cd97452427fd71d8ebdd","storageBucket":"clone-c480d.appspot.com","locationId":"asia-southeast1","apiKey":"AIzaSyCcw-SmxSonMS1OIuVQqUdKygORV6BY-B0","authDomain":"clone-c480d.firebaseapp.com","messagingSenderId":"1005599068264","measurementId":"G-TFK8QR8QF0"}
[info] i  hosting: Serving hosting files from: build {"metadata":{"emulator":{"name":"hosting"},"message":"Serving hosting files from: \u001b[1mbuild\u001b[22m"}}
[info] +  hosting: Local server: http://localhost:5000 {"metadata":{"emulator":{"name":"hosting"},"message":"Local server: \u001b[4m\u001b[1mhttp://localhost:5000\u001b[22m\u001b[24m"}}
[debug] [2022-07-15T07:47:43.738Z] Ignoring unsupported arg: auto_download {"metadata":{"emulator":{"name":"ui"},"message":"Ignoring unsupported arg: auto_download"}}
[debug] [2022-07-15T07:47:43.739Z] Ignoring unsupported arg: port {"metadata":{"emulator":{"name":"ui"},"message":"Ignoring unsupported arg: port"}}
[debug] [2022-07-15T07:47:43.739Z] Starting Emulator UI with command {"binary":"node","args":["--dns-result-order=ipv4first","C:\\Users\\SRC\\.cache\\firebase\\emulators\\ui-v1.7.0\\server.bundle.js"],"optionalArgs":[],"joinArgs":false} {"metadata":{"emulator":{"name":"ui"},"message":"Starting Emulator UI with command {\"binary\":\"node\",\"args\":[\"--dns-result-order=ipv4first\",\"C:\\\\Users\\\\SRC\\\\.cache\\\\firebase\\\\emulators\\\\ui-v1.7.0\\\\server.bundle.js\"],\"optionalArgs\":[],\"joinArgs\":false}"}}
[info] i  ui: Emulator UI logging to ui-debug.log {"metadata":{"emulator":{"name":"ui"},"message":"Emulator UI logging to \u001b[1mui-debug.log\u001b[22m"}}
[debug] [2022-07-15T07:47:43.905Z] Web / API server started at localhost:4000
 {"metadata":{"emulator":{"name":"ui"},"message":"Web / API server started at localhost:4000\n"}}
[info] i  functions: Watching "D:\ProgrammingLanguage\WEB DEV\React JS\Amazon-Clone\functions" for Cloud Functions... {"metadata":{"emulator":{"name":"functions"},"message":"Watching \"D:\\ProgrammingLanguage\\WEB DEV\\React JS\\Amazon-Clone\\functions\" for Cloud Functions..."}}
[debug] [2022-07-15T07:47:44.037Z] Validating nodejs source
[debug] [2022-07-15T07:47:47.417Z] > [functions] package.json contents: {
  "name": "functions",
  "description": "Cloud Functions for Firebase",
  "scripts": {
    "lint": "eslint .",
    "serve": "firebase emulators:start --only functions",
    "shell": "firebase functions:shell",
    "start": "npm run shell",
    "deploy": "firebase deploy --only functions",
    "logs": "firebase functions:log"
  },
  "engines": {
    "node": "16"
  },
  "main": "index.js",
  "dependencies": {
    "cors": "^2.8.5",
    "express": "^4.18.1",
    "firebase-admin": "^10.0.2",
    "firebase-functions": "^3.18.0",
    "stripe": "^9.13.0"
  },
  "devDependencies": {
    "eslint": "^8.9.0",
    "eslint-config-google": "^0.14.0",
    "firebase-functions-test": "^0.2.0"
  },
  "private": true
}
[debug] [2022-07-15T07:47:47.418Z] Building nodejs source
[debug] [2022-07-15T07:47:47.418Z] Analyzing nodejs backend spec
[debug] [2022-07-15T07:47:47.419Z] Could not find functions.yaml. Must use http discovery
[debug] [2022-07-15T07:47:49.799Z] Serving at port 9005

[debug] [2022-07-15T07:47:51.455Z] Got response from /__/functions.yaml {"endpoints":{"api":{"platform":"gcfv1","httpsTrigger":{},"entryPoint":"api"}},"specVersion":"v1alpha1","requiredAPIs":[]}
[debug] [2022-07-15T07:47:51.463Z] shutdown requested via /__/quitquitquit

[info] +  functions[us-central1-api]: http function initialized (http://localhost:5001/clone-c480d/us-central1/api). {"metadata":{"emulator":{"name":"functions"},"message":"\u001b[1mhttp\u001b[22m function initialized (http://localhost:5001/clone-c480d/us-central1/api)."}}
[info] 
┌─────────────────────────────────────────────────────────────┐
│ ✔  All emulators ready! It is now safe to connect your app. │
│ i  View Emulator UI at http://localhost:4000                │
└─────────────────────────────────────────────────────────────┘

┌───────────┬────────────────┬─────────────────────────────────┐
│ Emulator  │ Host:Port      │ View in Emulator UI             │
├───────────┼────────────────┼─────────────────────────────────┤
│ Functions │ localhost:5001 │ http://localhost:4000/functions │
├───────────┼────────────────┼─────────────────────────────────┤
│ Hosting   │ localhost:5000 │ n/a                             │
└───────────┴────────────────┴─────────────────────────────────┘
  Emulator Hub running at localhost:4400
  Other reserved ports: 4500

Issues? Report them at https://github.com/firebase/firebase-tools/issues and attach the *-debug.log files.
 
[debug] [2022-07-15T07:48:20.596Z] [work-queue] {"queueLength":1,"workRunningCount":0}
[debug] [2022-07-15T07:48:20.597Z] [work-queue] {"queueLength":0,"workRunningCount":1}
[debug] [2022-07-15T07:48:20.597Z] Accepted request POST /clone-c480d/us-central1/api/payments/create?total=284300 --> us-central1-api
[debug] [2022-07-15T07:48:20.605Z] [worker-pool] addWorker(us-central1-api) {"metadata":{"emulator":{"name":"functions"},"message":"[worker-pool] addWorker(us-central1-api)"}}
[debug] [2022-07-15T07:48:20.605Z] [worker-pool] Adding worker with key us-central1-api, total=1 {"metadata":{"emulator":{"name":"functions"},"message":"[worker-pool] Adding worker with key us-central1-api, total=1"}}
[debug] [2022-07-15T07:48:20.605Z] [worker-pool] submitWork(triggerId=us-central1-api) {"metadata":{"emulator":{"name":"functions"},"message":"[worker-pool] submitWork(triggerId=us-central1-api)"}}
[debug] [2022-07-15T07:48:20.606Z] [worker-us-central1-api-2f9a67f5-c91b-491b-849f-87b9df15b8f6]: BUSY {"metadata":{"emulator":{"name":"functions"},"message":"[worker-us-central1-api-2f9a67f5-c91b-491b-849f-87b9df15b8f6]: BUSY"}}
[debug] [2022-07-15T07:48:20.609Z] [work-queue] {"queueLength":1,"workRunningCount":1}
[debug] [2022-07-15T07:48:20.609Z] [work-queue] {"queueLength":0,"workRunningCount":2}
[debug] [2022-07-15T07:48:20.609Z] Accepted request POST /clone-c480d/us-central1/api/payments/create?total=284300 --> us-central1-api
[debug] [2022-07-15T07:48:20.615Z] [worker-pool] addWorker(us-central1-api) {"metadata":{"emulator":{"name":"functions"},"message":"[worker-pool] addWorker(us-central1-api)"}}
[debug] [2022-07-15T07:48:20.615Z] [worker-pool] Adding worker with key us-central1-api, total=2 {"metadata":{"emulator":{"name":"functions"},"message":"[worker-pool] Adding worker with key us-central1-api, total=2"}}
[debug] [2022-07-15T07:48:20.615Z] [worker-pool] submitWork(triggerId=us-central1-api) {"metadata":{"emulator":{"name":"functions"},"message":"[worker-pool] submitWork(triggerId=us-central1-api)"}}
[debug] [2022-07-15T07:48:20.615Z] [worker-us-central1-api-6f01e4c2-cb52-46c3-9f34-facceb147fef]: BUSY {"metadata":{"emulator":{"name":"functions"},"message":"[worker-us-central1-api-6f01e4c2-cb52-46c3-9f34-facceb147fef]: BUSY"}}
[debug] [2022-07-15T07:48:21.938Z] [runtime-status] [13404] Functions runtime initialized. {"cwd":"D:\\ProgrammingLanguage\\WEB DEV\\React JS\\Amazon-Clone\\functions","node_version":"16.16.0"} {"metadata":{"emulator":{"name":"functions"},"function":{"name":"us-central1-api"},"extension":{},"message":"[runtime-status] [13404] Functions runtime initialized. {\"cwd\":\"D:\\\\ProgrammingLanguage\\\\WEB DEV\\\\React JS\\\\Amazon-Clone\\\\functions\",\"node_version\":\"16.16.0\"}"}}
[debug] [2022-07-15T07:48:21.940Z] [runtime-status] [13404] Disabled runtime features: undefined {"metadata":{"emulator":{"name":"functions"},"function":{"name":"us-central1-api"},"extension":{},"message":"[runtime-status] [13404] Disabled runtime features: undefined"}}
[debug] [2022-07-15T07:48:21.944Z] [runtime-status] [13404] Resolved module firebase-admin {"declared":true,"installed":true,"version":"10.3.0","resolution":"D:\\ProgrammingLanguage\\WEB DEV\\React JS\\Amazon-Clone\\functions\\node_modules\\firebase-admin\\lib\\index.js"} {"metadata":{"emulator":{"name":"functions"},"function":{"name":"us-central1-api"},"extension":{},"message":"[runtime-status] [13404] Resolved module firebase-admin {\"declared\":true,\"installed\":true,\"version\":\"10.3.0\",\"resolution\":\"D:\\\\ProgrammingLanguage\\\\WEB DEV\\\\React JS\\\\Amazon-Clone\\\\functions\\\\node_modules\\\\firebase-admin\\\\lib\\\\index.js\"}"}}
[debug] [2022-07-15T07:48:21.946Z] [runtime-status] [13404] Resolved module firebase-functions {"declared":true,"installed":true,"version":"3.22.0","resolution":"D:\\ProgrammingLanguage\\WEB DEV\\React JS\\Amazon-Clone\\functions\\node_modules\\firebase-functions\\lib\\index.js"} {"metadata":{"emulator":{"name":"functions"},"function":{"name":"us-central1-api"},"extension":{},"message":"[runtime-status] [13404] Resolved module firebase-functions {\"declared\":true,\"installed\":true,\"version\":\"3.22.0\",\"resolution\":\"D:\\\\ProgrammingLanguage\\\\WEB DEV\\\\React JS\\\\Amazon-Clone\\\\functions\\\\node_modules\\\\firebase-functions\\\\lib\\\\index.js\"}"}}
[debug] [2022-07-15T07:48:21.946Z] [runtime-status] [13404] Outgoing network have been stubbed. [{"name":"http","status":"mocked"},{"name":"http","status":"mocked"},{"name":"https","status":"mocked"},{"name":"https","status":"mocked"},{"name":"net","status":"mocked"}] {"metadata":{"emulator":{"name":"functions"},"function":{"name":"us-central1-api"},"extension":{},"message":"[runtime-status] [13404] Outgoing network have been stubbed. [{\"name\":\"http\",\"status\":\"mocked\"},{\"name\":\"http\",\"status\":\"mocked\"},{\"name\":\"https\",\"status\":\"mocked\"},{\"name\":\"https\",\"status\":\"mocked\"},{\"name\":\"net\",\"status\":\"mocked\"}]"}}
[debug] [2022-07-15T07:48:21.947Z] [runtime-status] [13404] Resolved module firebase-functions {"declared":true,"installed":true,"version":"3.22.0","resolution":"D:\\ProgrammingLanguage\\WEB DEV\\React JS\\Amazon-Clone\\functions\\node_modules\\firebase-functions\\lib\\index.js"} {"metadata":{"emulator":{"name":"functions"},"function":{"name":"us-central1-api"},"extension":{},"message":"[runtime-status] [13404] Resolved module firebase-functions {\"declared\":true,\"installed\":true,\"version\":\"3.22.0\",\"resolution\":\"D:\\\\ProgrammingLanguage\\\\WEB DEV\\\\React JS\\\\Amazon-Clone\\\\functions\\\\node_modules\\\\firebase-functions\\\\lib\\\\index.js\"}"}}
[debug] [2022-07-15T07:48:21.949Z] [runtime-status] [9592] Functions runtime initialized. {"cwd":"D:\\ProgrammingLanguage\\WEB DEV\\React JS\\Amazon-Clone\\functions","node_version":"16.16.0"} {"metadata":{"emulator":{"name":"functions"},"function":{"name":"us-central1-api"},"extension":{},"message":"[runtime-status] [9592] Functions runtime initialized. {\"cwd\":\"D:\\\\ProgrammingLanguage\\\\WEB DEV\\\\React JS\\\\Amazon-Clone\\\\functions\",\"node_version\":\"16.16.0\"}"}}
[debug] [2022-07-15T07:48:21.950Z] [runtime-status] [9592] Disabled runtime features: undefined {"metadata":{"emulator":{"name":"functions"},"function":{"name":"us-central1-api"},"extension":{},"message":"[runtime-status] [9592] Disabled runtime features: undefined"}}
[debug] [2022-07-15T07:48:21.952Z] [runtime-status] [9592] Resolved module firebase-admin {"declared":true,"installed":true,"version":"10.3.0","resolution":"D:\\ProgrammingLanguage\\WEB DEV\\React JS\\Amazon-Clone\\functions\\node_modules\\firebase-admin\\lib\\index.js"} {"metadata":{"emulator":{"name":"functions"},"function":{"name":"us-central1-api"},"extension":{},"message":"[runtime-status] [9592] Resolved module firebase-admin {\"declared\":true,\"installed\":true,\"version\":\"10.3.0\",\"resolution\":\"D:\\\\ProgrammingLanguage\\\\WEB DEV\\\\React JS\\\\Amazon-Clone\\\\functions\\\\node_modules\\\\firebase-admin\\\\lib\\\\index.js\"}"}}
[debug] [2022-07-15T07:48:21.954Z] [runtime-status] [9592] Resolved module firebase-functions {"declared":true,"installed":true,"version":"3.22.0","resolution":"D:\\ProgrammingLanguage\\WEB DEV\\React JS\\Amazon-Clone\\functions\\node_modules\\firebase-functions\\lib\\index.js"} {"metadata":{"emulator":{"name":"functions"},"function":{"name":"us-central1-api"},"extension":{},"message":"[runtime-status] [9592] Resolved module firebase-functions {\"declared\":true,\"installed\":true,\"version\":\"3.22.0\",\"resolution\":\"D:\\\\ProgrammingLanguage\\\\WEB DEV\\\\React JS\\\\Amazon-Clone\\\\functions\\\\node_modules\\\\firebase-functions\\\\lib\\\\index.js\"}"}}
[debug] [2022-07-15T07:48:21.954Z] [runtime-status] [9592] Outgoing network have been stubbed. [{"name":"http","status":"mocked"},{"name":"http","status":"mocked"},{"name":"https","status":"mocked"},{"name":"https","status":"mocked"},{"name":"net","status":"mocked"}] {"metadata":{"emulator":{"name":"functions"},"function":{"name":"us-central1-api"},"extension":{},"message":"[runtime-status] [9592] Outgoing network have been stubbed. [{\"name\":\"http\",\"status\":\"mocked\"},{\"name\":\"http\",\"status\":\"mocked\"},{\"name\":\"https\",\"status\":\"mocked\"},{\"name\":\"https\",\"status\":\"mocked\"},{\"name\":\"net\",\"status\":\"mocked\"}]"}}
[debug] [2022-07-15T07:48:21.955Z] [runtime-status] [9592] Resolved module firebase-functions {"declared":true,"installed":true,"version":"3.22.0","resolution":"D:\\ProgrammingLanguage\\WEB DEV\\React JS\\Amazon-Clone\\functions\\node_modules\\firebase-functions\\lib\\index.js"} {"metadata":{"emulator":{"name":"functions"},"function":{"name":"us-central1-api"},"extension":{},"message":"[runtime-status] [9592] Resolved module firebase-functions {\"declared\":true,\"installed\":true,\"version\":\"3.22.0\",\"resolution\":\"D:\\\\ProgrammingLanguage\\\\WEB DEV\\\\React JS\\\\Amazon-Clone\\\\functions\\\\node_modules\\\\firebase-functions\\\\lib\\\\index.js\"}"}}
[debug] [2022-07-15T07:48:21.993Z] [runtime-status] [13404] Checked functions.config() {"config":{}} {"metadata":{"emulator":{"name":"functions"},"function":{"name":"us-central1-api"},"extension":{},"message":"[runtime-status] [13404] Checked functions.config() {\"config\":{}}"}}
[debug] [2022-07-15T07:48:21.993Z] [runtime-status] [13404] firebase-functions has been stubbed. {"functionsResolution":{"declared":true,"installed":true,"version":"3.22.0","resolution":"D:\\ProgrammingLanguage\\WEB DEV\\React JS\\Amazon-Clone\\functions\\node_modules\\firebase-functions\\lib\\index.js"}} {"metadata":{"emulator":{"name":"functions"},"function":{"name":"us-central1-api"},"extension":{},"message":"[runtime-status] [13404] firebase-functions has been stubbed. {\"functionsResolution\":{\"declared\":true,\"installed\":true,\"version\":\"3.22.0\",\"resolution\":\"D:\\\\ProgrammingLanguage\\\\WEB DEV\\\\React JS\\\\Amazon-Clone\\\\functions\\\\node_modules\\\\firebase-functions\\\\lib\\\\index.js\"}}"}}
[debug] [2022-07-15T07:48:21.994Z] [runtime-status] [13404] Resolved module firebase-functions {"declared":true,"installed":true,"version":"3.22.0","resolution":"D:\\ProgrammingLanguage\\WEB DEV\\React JS\\Amazon-Clone\\functions\\node_modules\\firebase-functions\\lib\\index.js"} {"metadata":{"emulator":{"name":"functions"},"function":{"name":"us-central1-api"},"extension":{},"message":"[runtime-status] [13404] Resolved module firebase-functions {\"declared\":true,\"installed\":true,\"version\":\"3.22.0\",\"resolution\":\"D:\\\\ProgrammingLanguage\\\\WEB DEV\\\\React JS\\\\Amazon-Clone\\\\functions\\\\node_modules\\\\firebase-functions\\\\lib\\\\index.js\"}"}}
[debug] [2022-07-15T07:48:21.995Z] [runtime-status] [13404] Resolved module firebase-admin {"declared":true,"installed":true,"version":"10.3.0","resolution":"D:\\ProgrammingLanguage\\WEB DEV\\React JS\\Amazon-Clone\\functions\\node_modules\\firebase-admin\\lib\\index.js"} {"metadata":{"emulator":{"name":"functions"},"function":{"name":"us-central1-api"},"extension":{},"message":"[runtime-status] [13404] Resolved module firebase-admin {\"declared\":true,\"installed\":true,\"version\":\"10.3.0\",\"resolution\":\"D:\\\\ProgrammingLanguage\\\\WEB DEV\\\\React JS\\\\Amazon-Clone\\\\functions\\\\node_modules\\\\firebase-admin\\\\lib\\\\index.js\"}"}}
[debug] [2022-07-15T07:48:21.998Z] [runtime-status] [13404] Resolved module firebase-functions {"declared":true,"installed":true,"version":"3.22.0","resolution":"D:\\ProgrammingLanguage\\WEB DEV\\React JS\\Amazon-Clone\\functions\\node_modules\\firebase-functions\\lib\\index.js"} {"metadata":{"emulator":{"name":"functions"},"function":{"name":"us-central1-api"},"extension":{},"message":"[runtime-status] [13404] Resolved module firebase-functions {\"declared\":true,\"installed\":true,\"version\":\"3.22.0\",\"resolution\":\"D:\\\\ProgrammingLanguage\\\\WEB DEV\\\\React JS\\\\Amazon-Clone\\\\functions\\\\node_modules\\\\firebase-functions\\\\lib\\\\index.js\"}"}}
[debug] [2022-07-15T07:48:21.999Z] [runtime-status] [13404] firebase-admin has been stubbed. {"adminResolution":{"declared":true,"installed":true,"version":"10.3.0","resolution":"D:\\ProgrammingLanguage\\WEB DEV\\React JS\\Amazon-Clone\\functions\\node_modules\\firebase-admin\\lib\\index.js"}} {"metadata":{"emulator":{"name":"functions"},"function":{"name":"us-central1-api"},"extension":{},"message":"[runtime-status] [13404] firebase-admin has been stubbed. {\"adminResolution\":{\"declared\":true,\"installed\":true,\"version\":\"10.3.0\",\"resolution\":\"D:\\\\ProgrammingLanguage\\\\WEB DEV\\\\React JS\\\\Amazon-Clone\\\\functions\\\\node_modules\\\\firebase-admin\\\\lib\\\\index.js\"}}"}}
[debug] [2022-07-15T07:48:21.999Z] [runtime-status] [9592] Checked functions.config() {"config":{}} {"metadata":{"emulator":{"name":"functions"},"function":{"name":"us-central1-api"},"extension":{},"message":"[runtime-status] [9592] Checked functions.config() {\"config\":{}}"}}
[debug] [2022-07-15T07:48:21.999Z] [runtime-status] [9592] firebase-functions has been stubbed. {"functionsResolution":{"declared":true,"installed":true,"version":"3.22.0","resolution":"D:\\ProgrammingLanguage\\WEB DEV\\React JS\\Amazon-Clone\\functions\\node_modules\\firebase-functions\\lib\\index.js"}} {"metadata":{"emulator":{"name":"functions"},"function":{"name":"us-central1-api"},"extension":{},"message":"[runtime-status] [9592] firebase-functions has been stubbed. {\"functionsResolution\":{\"declared\":true,\"installed\":true,\"version\":\"3.22.0\",\"resolution\":\"D:\\\\ProgrammingLanguage\\\\WEB DEV\\\\React JS\\\\Amazon-Clone\\\\functions\\\\node_modules\\\\firebase-functions\\\\lib\\\\index.js\"}}"}}
[debug] [2022-07-15T07:48:22.001Z] [runtime-status] [9592] Resolved module firebase-functions {"declared":true,"installed":true,"version":"3.22.0","resolution":"D:\\ProgrammingLanguage\\WEB DEV\\React JS\\Amazon-Clone\\functions\\node_modules\\firebase-functions\\lib\\index.js"} {"metadata":{"emulator":{"name":"functions"},"function":{"name":"us-central1-api"},"extension":{},"message":"[runtime-status] [9592] Resolved module firebase-functions {\"declared\":true,\"installed\":true,\"version\":\"3.22.0\",\"resolution\":\"D:\\\\ProgrammingLanguage\\\\WEB DEV\\\\React JS\\\\Amazon-Clone\\\\functions\\\\node_modules\\\\firebase-functions\\\\lib\\\\index.js\"}"}}
[debug] [2022-07-15T07:48:22.002Z] [runtime-status] [9592] Resolved module firebase-admin {"declared":true,"installed":true,"version":"10.3.0","resolution":"D:\\ProgrammingLanguage\\WEB DEV\\React JS\\Amazon-Clone\\functions\\node_modules\\firebase-admin\\lib\\index.js"} {"metadata":{"emulator":{"name":"functions"},"function":{"name":"us-central1-api"},"extension":{},"message":"[runtime-status] [9592] Resolved module firebase-admin {\"declared\":true,\"installed\":true,\"version\":\"10.3.0\",\"resolution\":\"D:\\\\ProgrammingLanguage\\\\WEB DEV\\\\React JS\\\\Amazon-Clone\\\\functions\\\\node_modules\\\\firebase-admin\\\\lib\\\\index.js\"}"}}
[debug] [2022-07-15T07:48:22.003Z] [runtime-status] [9592] Resolved module firebase-functions {"declared":true,"installed":true,"version":"3.22.0","resolution":"D:\\ProgrammingLanguage\\WEB DEV\\React JS\\Amazon-Clone\\functions\\node_modules\\firebase-functions\\lib\\index.js"} {"metadata":{"emulator":{"name":"functions"},"function":{"name":"us-central1-api"},"extension":{},"message":"[runtime-status] [9592] Resolved module firebase-functions {\"declared\":true,\"installed\":true,\"version\":\"3.22.0\",\"resolution\":\"D:\\\\ProgrammingLanguage\\\\WEB DEV\\\\React JS\\\\Amazon-Clone\\\\functions\\\\node_modules\\\\firebase-functions\\\\lib\\\\index.js\"}"}}
[debug] [2022-07-15T07:48:22.003Z] [runtime-status] [9592] firebase-admin has been stubbed. {"adminResolution":{"declared":true,"installed":true,"version":"10.3.0","resolution":"D:\\ProgrammingLanguage\\WEB DEV\\React JS\\Amazon-Clone\\functions\\node_modules\\firebase-admin\\lib\\index.js"}} {"metadata":{"emulator":{"name":"functions"},"function":{"name":"us-central1-api"},"extension":{},"message":"[runtime-status] [9592] firebase-admin has been stubbed. {\"adminResolution\":{\"declared\":true,\"installed\":true,\"version\":\"10.3.0\",\"resolution\":\"D:\\\\ProgrammingLanguage\\\\WEB DEV\\\\React JS\\\\Amazon-Clone\\\\functions\\\\node_modules\\\\firebase-admin\\\\lib\\\\index.js\"}}"}}
[debug] [2022-07-15T07:48:22.154Z] [runtime-status] [13404] Beginning invocation function api! {"metadata":{"emulator":{"name":"functions"},"function":{"name":"us-central1-api"},"extension":{},"message":"[runtime-status] [13404] Beginning invocation function api!"}}
[info] i  functions: Beginning execution of "api" {"metadata":{"emulator":{"name":"functions"},"function":{"name":"us-central1-api"},"extension":{},"message":"Beginning execution of \"api\""}}
[debug] [2022-07-15T07:48:22.156Z] [runtime-status] [13404] Running api in signature http {"metadata":{"emulator":{"name":"functions"},"function":{"name":"us-central1-api"},"extension":{},"message":"[runtime-status] [13404] Running api in signature http"}}
[debug] [2022-07-15T07:48:22.158Z] [runtime-status] [13404] Attempting to listen to port: \\?\pipe\fire_emu_70184965dd30d4b5 {"metadata":{"emulator":{"name":"functions"},"function":{"name":"us-central1-api"},"extension":{},"message":"[runtime-status] [13404] Attempting to listen to port: \\\\?\\pipe\\fire_emu_70184965dd30d4b5"}}
[debug] [2022-07-15T07:48:22.160Z] [runtime-status] [13404] Listening to port: \\?\pipe\fire_emu_70184965dd30d4b5 {"metadata":{"emulator":{"name":"functions"},"function":{"name":"us-central1-api"},"extension":{},"message":"[runtime-status] [13404] Listening to port: \\\\?\\pipe\\fire_emu_70184965dd30d4b5"}}
[debug] [2022-07-15T07:48:22.162Z] [functions] Runtime ready! Sending request! {"metadata":{"emulator":{"name":"functions"},"message":"[functions] Runtime ready! Sending request!"}}
[debug] [2022-07-15T07:48:22.163Z] [functions] Got req.url=/clone-c480d/us-central1/api/payments/create?total=284300, mapping to path=/payments/create?total=284300 {"metadata":{"emulator":{"name":"functions"},"message":"[functions] Got req.url=/clone-c480d/us-central1/api/payments/create?total=284300, mapping to path=/payments/create?total=284300"}}
[debug] [2022-07-15T07:48:22.176Z] [runtime-status] [9592] Beginning invocation function api! {"metadata":{"emulator":{"name":"functions"},"function":{"name":"us-central1-api"},"extension":{},"message":"[runtime-status] [9592] Beginning invocation function api!"}}
[info] i  functions: Beginning execution of "api" {"metadata":{"emulator":{"name":"functions"},"function":{"name":"us-central1-api"},"extension":{},"message":"Beginning execution of \"api\""}}
[debug] [2022-07-15T07:48:22.178Z] [runtime-status] [9592] Running api in signature http {"metadata":{"emulator":{"name":"functions"},"function":{"name":"us-central1-api"},"extension":{},"message":"[runtime-status] [9592] Running api in signature http"}}
[debug] [2022-07-15T07:48:22.184Z] [runtime-status] [13404] Ephemeral server handling POST request {"metadata":{"emulator":{"name":"functions"},"function":{"name":"us-central1-api"},"extension":{},"message":"[runtime-status] [13404] Ephemeral server handling POST request"}}
[debug] [2022-07-15T07:48:22.185Z] [runtime-status] [9592] Attempting to listen to port: \\?\pipe\fire_emu_8d75ec985ab3c073 {"metadata":{"emulator":{"name":"functions"},"function":{"name":"us-central1-api"},"extension":{},"message":"[runtime-status] [9592] Attempting to listen to port: \\\\?\\pipe\\fire_emu_8d75ec985ab3c073"}}
[debug] [2022-07-15T07:48:22.187Z] [runtime-status] [9592] Listening to port: \\?\pipe\fire_emu_8d75ec985ab3c073 {"metadata":{"emulator":{"name":"functions"},"function":{"name":"us-central1-api"},"extension":{},"message":"[runtime-status] [9592] Listening to port: \\\\?\\pipe\\fire_emu_8d75ec985ab3c073"}}
[debug] [2022-07-15T07:48:22.188Z] [functions] Runtime ready! Sending request! {"metadata":{"emulator":{"name":"functions"},"message":"[functions] Runtime ready! Sending request!"}}
[debug] [2022-07-15T07:48:22.188Z] [functions] Got req.url=/clone-c480d/us-central1/api/payments/create?total=284300, mapping to path=/payments/create?total=284300 {"metadata":{"emulator":{"name":"functions"},"message":"[functions] Got req.url=/clone-c480d/us-central1/api/payments/create?total=284300, mapping to path=/payments/create?total=284300"}}
[info] >  PAYMENT REQUEST RECIEVED BOOM!!! for this amount >>>  284300 {"user":"PAYMENT REQUEST RECIEVED BOOM!!! for this amount >>>  284300","metadata":{"emulator":{"name":"functions"},"function":{"name":"us-central1-api"},"extension":{},"message":"\u001b[90m> \u001b[39m PAYMENT REQUEST RECIEVED BOOM!!! for this amount >>>  284300"}}
[debug] [2022-07-15T07:48:22.201Z] [runtime-status] [9592] Ephemeral server handling POST request {"metadata":{"emulator":{"name":"functions"},"function":{"name":"us-central1-api"},"extension":{},"message":"[runtime-status] [9592] Ephemeral server handling POST request"}}
[info] >  PAYMENT REQUEST RECIEVED BOOM!!! for this amount >>>  284300 {"user":"PAYMENT REQUEST RECIEVED BOOM!!! for this amount >>>  284300","metadata":{"emulator":{"name":"functions"},"function":{"name":"us-central1-api"},"extension":{},"message":"\u001b[90m> \u001b[39m PAYMENT REQUEST RECIEVED BOOM!!! for this amount >>>  284300"}}
[debug] [2022-07-15T07:48:22.212Z] [runtime-status] [13404] Ephemeral server survived. {"metadata":{"emulator":{"name":"functions"},"function":{"name":"us-central1-api"},"extension":{},"message":"[runtime-status] [13404] Ephemeral server survived."}}
[debug] [2022-07-15T07:48:22.231Z] [runtime-status] [9592] Ephemeral server survived. {"metadata":{"emulator":{"name":"functions"},"function":{"name":"us-central1-api"},"extension":{},"message":"[runtime-status] [9592] Ephemeral server survived."}}
[info] i  functions: Finished "api" in ~1s {"metadata":{"emulator":{"name":"functions"},"function":{"name":"us-central1-api"},"extension":{},"message":"Finished \"api\" in ~1s"}}
[debug] [2022-07-15T07:48:23.244Z] [worker-us-central1-api-2f9a67f5-c91b-491b-849f-87b9df15b8f6]: IDLE {"metadata":{"emulator":{"name":"functions"},"message":"[worker-us-central1-api-2f9a67f5-c91b-491b-849f-87b9df15b8f6]: IDLE"}}
[debug] [2022-07-15T07:48:23.244Z] [work-queue] {"queueLength":0,"workRunningCount":1}
[info] i  functions: Finished "api" in ~1s {"metadata":{"emulator":{"name":"functions"},"function":{"name":"us-central1-api"},"extension":{},"message":"Finished \"api\" in ~1s"}}
[debug] [2022-07-15T07:48:23.323Z] [worker-us-central1-api-6f01e4c2-cb52-46c3-9f34-facceb147fef]: IDLE {"metadata":{"emulator":{"name":"functions"},"message":"[worker-us-central1-api-6f01e4c2-cb52-46c3-9f34-facceb147fef]: IDLE"}}
[debug] [2022-07-15T07:48:23.324Z] [work-queue] {"queueLength":0,"workRunningCount":0}
[debug] [2022-07-15T07:49:04.307Z] [work-queue] {"queueLength":1,"workRunningCount":0}
[debug] [2022-07-15T07:49:04.307Z] [work-queue] {"queueLength":0,"workRunningCount":1}
[debug] [2022-07-15T07:49:04.307Z] Accepted request POST /clone-c480d/us-central1/api/payments/create?total=7299000 --> us-central1-api
[debug] [2022-07-15T07:49:04.308Z] [worker-pool] submitWork(triggerId=us-central1-api) {"metadata":{"emulator":{"name":"functions"},"message":"[worker-pool] submitWork(triggerId=us-central1-api)"}}
[debug] [2022-07-15T07:49:04.308Z] [worker-us-central1-api-2f9a67f5-c91b-491b-849f-87b9df15b8f6]: BUSY {"metadata":{"emulator":{"name":"functions"},"message":"[worker-us-central1-api-2f9a67f5-c91b-491b-849f-87b9df15b8f6]: BUSY"}}
[debug] [2022-07-15T07:49:04.310Z] [work-queue] {"queueLength":1,"workRunningCount":1}
[debug] [2022-07-15T07:49:04.311Z] [work-queue] {"queueLength":0,"workRunningCount":2}
[debug] [2022-07-15T07:49:04.311Z] Accepted request POST /clone-c480d/us-central1/api/payments/create?total=7299000 --> us-central1-api
[debug] [2022-07-15T07:49:04.312Z] [worker-pool] submitWork(triggerId=us-central1-api) {"metadata":{"emulator":{"name":"functions"},"message":"[worker-pool] submitWork(triggerId=us-central1-api)"}}
[debug] [2022-07-15T07:49:04.312Z] [worker-us-central1-api-6f01e4c2-cb52-46c3-9f34-facceb147fef]: BUSY {"metadata":{"emulator":{"name":"functions"},"message":"[worker-us-central1-api-6f01e4c2-cb52-46c3-9f34-facceb147fef]: BUSY"}}
[debug] [2022-07-15T07:49:04.313Z] [runtime-status] [13404] Beginning invocation function api! {"metadata":{"emulator":{"name":"functions"},"function":{"name":"us-central1-api"},"extension":{},"message":"[runtime-status] [13404] Beginning invocation function api!"}}
[info] i  functions: Beginning execution of "api" {"metadata":{"emulator":{"name":"functions"},"function":{"name":"us-central1-api"},"extension":{},"message":"Beginning execution of \"api\""}}
[debug] [2022-07-15T07:49:04.316Z] [runtime-status] [13404] Running api in signature http {"metadata":{"emulator":{"name":"functions"},"function":{"name":"us-central1-api"},"extension":{},"message":"[runtime-status] [13404] Running api in signature http"}}
[debug] [2022-07-15T07:49:04.317Z] [runtime-status] [9592] Beginning invocation function api! {"metadata":{"emulator":{"name":"functions"},"function":{"name":"us-central1-api"},"extension":{},"message":"[runtime-status] [9592] Beginning invocation function api!"}}
[info] i  functions: Beginning execution of "api" {"metadata":{"emulator":{"name":"functions"},"function":{"name":"us-central1-api"},"extension":{},"message":"Beginning execution of \"api\""}}
[debug] [2022-07-15T07:49:04.323Z] [runtime-status] [9592] Running api in signature http {"metadata":{"emulator":{"name":"functions"},"function":{"name":"us-central1-api"},"extension":{},"message":"[runtime-status] [9592] Running api in signature http"}}
[debug] [2022-07-15T07:49:04.324Z] [runtime-status] [13404] Attempting to listen to port: \\?\pipe\fire_emu_70184965dd30d4b5 {"metadata":{"emulator":{"name":"functions"},"function":{"name":"us-central1-api"},"extension":{},"message":"[runtime-status] [13404] Attempting to listen to port: \\\\?\\pipe\\fire_emu_70184965dd30d4b5"}}
[debug] [2022-07-15T07:49:04.325Z] [runtime-status] [13404] Listening to port: \\?\pipe\fire_emu_70184965dd30d4b5 {"metadata":{"emulator":{"name":"functions"},"function":{"name":"us-central1-api"},"extension":{},"message":"[runtime-status] [13404] Listening to port: \\\\?\\pipe\\fire_emu_70184965dd30d4b5"}}
[debug] [2022-07-15T07:49:04.326Z] [functions] Runtime ready! Sending request! {"metadata":{"emulator":{"name":"functions"},"message":"[functions] Runtime ready! Sending request!"}}
[debug] [2022-07-15T07:49:04.327Z] [functions] Got req.url=/clone-c480d/us-central1/api/payments/create?total=7299000, mapping to path=/payments/create?total=7299000 {"metadata":{"emulator":{"name":"functions"},"message":"[functions] Got req.url=/clone-c480d/us-central1/api/payments/create?total=7299000, mapping to path=/payments/create?total=7299000"}}
[debug] [2022-07-15T07:49:04.329Z] [runtime-status] [9592] Attempting to listen to port: \\?\pipe\fire_emu_8d75ec985ab3c073 {"metadata":{"emulator":{"name":"functions"},"function":{"name":"us-central1-api"},"extension":{},"message":"[runtime-status] [9592] Attempting to listen to port: \\\\?\\pipe\\fire_emu_8d75ec985ab3c073"}}
[debug] [2022-07-15T07:49:04.329Z] [runtime-status] [9592] Listening to port: \\?\pipe\fire_emu_8d75ec985ab3c073 {"metadata":{"emulator":{"name":"functions"},"function":{"name":"us-central1-api"},"extension":{},"message":"[runtime-status] [9592] Listening to port: \\\\?\\pipe\\fire_emu_8d75ec985ab3c073"}}
[debug] [2022-07-15T07:49:04.331Z] [functions] Runtime ready! Sending request! {"metadata":{"emulator":{"name":"functions"},"message":"[functions] Runtime ready! Sending request!"}}
[debug] [2022-07-15T07:49:04.331Z] [functions] Got req.url=/clone-c480d/us-central1/api/payments/create?total=7299000, mapping to path=/payments/create?total=7299000 {"metadata":{"emulator":{"name":"functions"},"message":"[functions] Got req.url=/clone-c480d/us-central1/api/payments/create?total=7299000, mapping to path=/payments/create?total=7299000"}}
[debug] [2022-07-15T07:49:04.333Z] [runtime-status] [13404] Ephemeral server handling POST request {"metadata":{"emulator":{"name":"functions"},"function":{"name":"us-central1-api"},"extension":{},"message":"[runtime-status] [13404] Ephemeral server handling POST request"}}
[info] >  PAYMENT REQUEST RECIEVED BOOM!!! for this amount >>>  7299000 {"user":"PAYMENT REQUEST RECIEVED BOOM!!! for this amount >>>  7299000","metadata":{"emulator":{"name":"functions"},"function":{"name":"us-central1-api"},"extension":{},"message":"\u001b[90m> \u001b[39m PAYMENT REQUEST RECIEVED BOOM!!! for this amount >>>  7299000"}}
[debug] [2022-07-15T07:49:04.335Z] [runtime-status] [9592] Ephemeral server handling POST request {"metadata":{"emulator":{"name":"functions"},"function":{"name":"us-central1-api"},"extension":{},"message":"[runtime-status] [9592] Ephemeral server handling POST request"}}
[info] >  PAYMENT REQUEST RECIEVED BOOM!!! for this amount >>>  7299000 {"user":"PAYMENT REQUEST RECIEVED BOOM!!! for this amount >>>  7299000","metadata":{"emulator":{"name":"functions"},"function":{"name":"us-central1-api"},"extension":{},"message":"\u001b[90m> \u001b[39m PAYMENT REQUEST RECIEVED BOOM!!! for this amount >>>  7299000"}}
[debug] [2022-07-15T07:49:04.339Z] [runtime-status] [13404] Ephemeral server survived. {"metadata":{"emulator":{"name":"functions"},"function":{"name":"us-central1-api"},"extension":{},"message":"[runtime-status] [13404] Ephemeral server survived."}}
[debug] [2022-07-15T07:49:04.340Z] [runtime-status] [9592] Ephemeral server survived. {"metadata":{"emulator":{"name":"functions"},"function":{"name":"us-central1-api"},"extension":{},"message":"[runtime-status] [9592] Ephemeral server survived."}}
[info] i  functions: Finished "api" in ~1s {"metadata":{"emulator":{"name":"functions"},"function":{"name":"us-central1-api"},"extension":{},"message":"Finished \"api\" in ~1s"}}
[debug] [2022-07-15T07:49:04.799Z] [worker-us-central1-api-6f01e4c2-cb52-46c3-9f34-facceb147fef]: IDLE {"metadata":{"emulator":{"name":"functions"},"message":"[worker-us-central1-api-6f01e4c2-cb52-46c3-9f34-facceb147fef]: IDLE"}}
[debug] [2022-07-15T07:49:04.800Z] [work-queue] {"queueLength":0,"workRunningCount":1}
[info] i  functions: Finished "api" in ~1s {"metadata":{"emulator":{"name":"functions"},"function":{"name":"us-central1-api"},"extension":{},"message":"Finished \"api\" in ~1s"}}
[debug] [2022-07-15T07:49:04.803Z] [worker-us-central1-api-2f9a67f5-c91b-491b-849f-87b9df15b8f6]: IDLE {"metadata":{"emulator":{"name":"functions"},"message":"[worker-us-central1-api-2f9a67f5-c91b-491b-849f-87b9df15b8f6]: IDLE"}}
[debug] [2022-07-15T07:49:04.803Z] [work-queue] {"queueLength":0,"workRunningCount":0}
[debug] [2022-07-15T07:51:26.104Z] [work-queue] {"queueLength":1,"workRunningCount":0}
[debug] [2022-07-15T07:51:26.104Z] [work-queue] {"queueLength":0,"workRunningCount":1}
[debug] [2022-07-15T07:51:26.105Z] Accepted request POST /clone-c480d/us-central1/api/payments/create?total=52100 --> us-central1-api
[debug] [2022-07-15T07:51:26.105Z] [worker-pool] submitWork(triggerId=us-central1-api) {"metadata":{"emulator":{"name":"functions"},"message":"[worker-pool] submitWork(triggerId=us-central1-api)"}}
[debug] [2022-07-15T07:51:26.105Z] [worker-us-central1-api-2f9a67f5-c91b-491b-849f-87b9df15b8f6]: BUSY {"metadata":{"emulator":{"name":"functions"},"message":"[worker-us-central1-api-2f9a67f5-c91b-491b-849f-87b9df15b8f6]: BUSY"}}
[debug] [2022-07-15T07:51:26.105Z] [work-queue] {"queueLength":1,"workRunningCount":1}
[debug] [2022-07-15T07:51:26.105Z] [work-queue] {"queueLength":0,"workRunningCount":2}
[debug] [2022-07-15T07:51:26.105Z] Accepted request POST /clone-c480d/us-central1/api/payments/create?total=52100 --> us-central1-api
[debug] [2022-07-15T07:51:26.105Z] [worker-pool] submitWork(triggerId=us-central1-api) {"metadata":{"emulator":{"name":"functions"},"message":"[worker-pool] submitWork(triggerId=us-central1-api)"}}
[debug] [2022-07-15T07:51:26.105Z] [worker-us-central1-api-6f01e4c2-cb52-46c3-9f34-facceb147fef]: BUSY {"metadata":{"emulator":{"name":"functions"},"message":"[worker-us-central1-api-6f01e4c2-cb52-46c3-9f34-facceb147fef]: BUSY"}}
[debug] [2022-07-15T07:51:26.106Z] [runtime-status] [13404] Beginning invocation function api! {"metadata":{"emulator":{"name":"functions"},"function":{"name":"us-central1-api"},"extension":{},"message":"[runtime-status] [13404] Beginning invocation function api!"}}
[info] i  functions: Beginning execution of "api" {"metadata":{"emulator":{"name":"functions"},"function":{"name":"us-central1-api"},"extension":{},"message":"Beginning execution of \"api\""}}
[debug] [2022-07-15T07:51:26.106Z] [runtime-status] [13404] Running api in signature http {"metadata":{"emulator":{"name":"functions"},"function":{"name":"us-central1-api"},"extension":{},"message":"[runtime-status] [13404] Running api in signature http"}}
[debug] [2022-07-15T07:51:26.107Z] [runtime-status] [13404] Attempting to listen to port: \\?\pipe\fire_emu_70184965dd30d4b5 {"metadata":{"emulator":{"name":"functions"},"function":{"name":"us-central1-api"},"extension":{},"message":"[runtime-status] [13404] Attempting to listen to port: \\\\?\\pipe\\fire_emu_70184965dd30d4b5"}}
[debug] [2022-07-15T07:51:26.107Z] [runtime-status] [13404] Listening to port: \\?\pipe\fire_emu_70184965dd30d4b5 {"metadata":{"emulator":{"name":"functions"},"function":{"name":"us-central1-api"},"extension":{},"message":"[runtime-status] [13404] Listening to port: \\\\?\\pipe\\fire_emu_70184965dd30d4b5"}}
[debug] [2022-07-15T07:51:26.108Z] [functions] Runtime ready! Sending request! {"metadata":{"emulator":{"name":"functions"},"message":"[functions] Runtime ready! Sending request!"}}
[debug] [2022-07-15T07:51:26.108Z] [functions] Got req.url=/clone-c480d/us-central1/api/payments/create?total=52100, mapping to path=/payments/create?total=52100 {"metadata":{"emulator":{"name":"functions"},"message":"[functions] Got req.url=/clone-c480d/us-central1/api/payments/create?total=52100, mapping to path=/payments/create?total=52100"}}
[debug] [2022-07-15T07:51:26.108Z] [runtime-status] [9592] Beginning invocation function api! {"metadata":{"emulator":{"name":"functions"},"function":{"name":"us-central1-api"},"extension":{},"message":"[runtime-status] [9592] Beginning invocation function api!"}}
[info] i  functions: Beginning execution of "api" {"metadata":{"emulator":{"name":"functions"},"function":{"name":"us-central1-api"},"extension":{},"message":"Beginning execution of \"api\""}}
[debug] [2022-07-15T07:51:26.109Z] [runtime-status] [9592] Running api in signature http {"metadata":{"emulator":{"name":"functions"},"function":{"name":"us-central1-api"},"extension":{},"message":"[runtime-status] [9592] Running api in signature http"}}
[debug] [2022-07-15T07:51:26.109Z] [runtime-status] [9592] Attempting to listen to port: \\?\pipe\fire_emu_8d75ec985ab3c073 {"metadata":{"emulator":{"name":"functions"},"function":{"name":"us-central1-api"},"extension":{},"message":"[runtime-status] [9592] Attempting to listen to port: \\\\?\\pipe\\fire_emu_8d75ec985ab3c073"}}
[debug] [2022-07-15T07:51:26.109Z] [runtime-status] [9592] Listening to port: \\?\pipe\fire_emu_8d75ec985ab3c073 {"metadata":{"emulator":{"name":"functions"},"function":{"name":"us-central1-api"},"extension":{},"message":"[runtime-status] [9592] Listening to port: \\\\?\\pipe\\fire_emu_8d75ec985ab3c073"}}
[debug] [2022-07-15T07:51:26.110Z] [functions] Runtime ready! Sending request! {"metadata":{"emulator":{"name":"functions"},"message":"[functions] Runtime ready! Sending request!"}}
[debug] [2022-07-15T07:51:26.110Z] [functions] Got req.url=/clone-c480d/us-central1/api/payments/create?total=52100, mapping to path=/payments/create?total=52100 {"metadata":{"emulator":{"name":"functions"},"message":"[functions] Got req.url=/clone-c480d/us-central1/api/payments/create?total=52100, mapping to path=/payments/create?total=52100"}}
[debug] [2022-07-15T07:51:26.112Z] [runtime-status] [13404] Ephemeral server handling POST request {"metadata":{"emulator":{"name":"functions"},"function":{"name":"us-central1-api"},"extension":{},"message":"[runtime-status] [13404] Ephemeral server handling POST request"}}
[debug] [2022-07-15T07:51:26.112Z] [runtime-status] [9592] Ephemeral server handling POST request {"metadata":{"emulator":{"name":"functions"},"function":{"name":"us-central1-api"},"extension":{},"message":"[runtime-status] [9592] Ephemeral server handling POST request"}}
[info] >  PAYMENT REQUEST RECIEVED BOOM!!! for this amount >>>  52100 {"user":"PAYMENT REQUEST RECIEVED BOOM!!! for this amount >>>  52100","metadata":{"emulator":{"name":"functions"},"function":{"name":"us-central1-api"},"extension":{},"message":"\u001b[90m> \u001b[39m PAYMENT REQUEST RECIEVED BOOM!!! for this amount >>>  52100"}}
[info] >  PAYMENT REQUEST RECIEVED BOOM!!! for this amount >>>  52100 {"user":"PAYMENT REQUEST RECIEVED BOOM!!! for this amount >>>  52100","metadata":{"emulator":{"name":"functions"},"function":{"name":"us-central1-api"},"extension":{},"message":"\u001b[90m> \u001b[39m PAYMENT REQUEST RECIEVED BOOM!!! for this amount >>>  52100"}}
[debug] [2022-07-15T07:51:26.115Z] [runtime-status] [9592] Ephemeral server survived. {"metadata":{"emulator":{"name":"functions"},"function":{"name":"us-central1-api"},"extension":{},"message":"[runtime-status] [9592] Ephemeral server survived."}}
[debug] [2022-07-15T07:51:26.115Z] [runtime-status] [13404] Ephemeral server survived. {"metadata":{"emulator":{"name":"functions"},"function":{"name":"us-central1-api"},"extension":{},"message":"[runtime-status] [13404] Ephemeral server survived."}}
[info] i  functions: Finished "api" in ~1s {"metadata":{"emulator":{"name":"functions"},"function":{"name":"us-central1-api"},"extension":{},"message":"Finished \"api\" in ~1s"}}
[debug] [2022-07-15T07:51:27.159Z] [worker-us-central1-api-6f01e4c2-cb52-46c3-9f34-facceb147fef]: IDLE {"metadata":{"emulator":{"name":"functions"},"message":"[worker-us-central1-api-6f01e4c2-cb52-46c3-9f34-facceb147fef]: IDLE"}}
[debug] [2022-07-15T07:51:27.160Z] [work-queue] {"queueLength":0,"workRunningCount":1}
[info] i  functions: Finished "api" in ~1s {"metadata":{"emulator":{"name":"functions"},"function":{"name":"us-central1-api"},"extension":{},"message":"Finished \"api\" in ~1s"}}
[debug] [2022-07-15T07:51:27.223Z] [worker-us-central1-api-2f9a67f5-c91b-491b-849f-87b9df15b8f6]: IDLE {"metadata":{"emulator":{"name":"functions"},"message":"[worker-us-central1-api-2f9a67f5-c91b-491b-849f-87b9df15b8f6]: IDLE"}}
[debug] [2022-07-15T07:51:27.223Z] [work-queue] {"queueLength":0,"workRunningCount":0}
[debug] [2022-07-15T08:10:19.534Z] [work-queue] {"queueLength":1,"workRunningCount":0}
[debug] [2022-07-15T08:10:19.534Z] [work-queue] {"queueLength":0,"workRunningCount":1}
[debug] [2022-07-15T08:10:19.534Z] Accepted request POST /clone-c480d/us-central1/api/payments/create?total=139900 --> us-central1-api
[debug] [2022-07-15T08:10:19.534Z] [worker-pool] submitWork(triggerId=us-central1-api) {"metadata":{"emulator":{"name":"functions"},"message":"[worker-pool] submitWork(triggerId=us-central1-api)"}}
[debug] [2022-07-15T08:10:19.534Z] [worker-us-central1-api-2f9a67f5-c91b-491b-849f-87b9df15b8f6]: BUSY {"metadata":{"emulator":{"name":"functions"},"message":"[worker-us-central1-api-2f9a67f5-c91b-491b-849f-87b9df15b8f6]: BUSY"}}
[debug] [2022-07-15T08:10:19.535Z] [runtime-status] [13404] Beginning invocation function api! {"metadata":{"emulator":{"name":"functions"},"function":{"name":"us-central1-api"},"extension":{},"message":"[runtime-status] [13404] Beginning invocation function api!"}}
[info] i  functions: Beginning execution of "api" {"metadata":{"emulator":{"name":"functions"},"function":{"name":"us-central1-api"},"extension":{},"message":"Beginning execution of \"api\""}}
[debug] [2022-07-15T08:10:19.536Z] [runtime-status] [13404] Running api in signature http {"metadata":{"emulator":{"name":"functions"},"function":{"name":"us-central1-api"},"extension":{},"message":"[runtime-status] [13404] Running api in signature http"}}
[debug] [2022-07-15T08:10:19.536Z] [runtime-status] [13404] Attempting to listen to port: \\?\pipe\fire_emu_70184965dd30d4b5 {"metadata":{"emulator":{"name":"functions"},"function":{"name":"us-central1-api"},"extension":{},"message":"[runtime-status] [13404] Attempting to listen to port: \\\\?\\pipe\\fire_emu_70184965dd30d4b5"}}
[debug] [2022-07-15T08:10:19.536Z] [runtime-status] [13404] Listening to port: \\?\pipe\fire_emu_70184965dd30d4b5 {"metadata":{"emulator":{"name":"functions"},"function":{"name":"us-central1-api"},"extension":{},"message":"[runtime-status] [13404] Listening to port: \\\\?\\pipe\\fire_emu_70184965dd30d4b5"}}
[debug] [2022-07-15T08:10:19.537Z] [functions] Runtime ready! Sending request! {"metadata":{"emulator":{"name":"functions"},"message":"[functions] Runtime ready! Sending request!"}}
[debug] [2022-07-15T08:10:19.537Z] [functions] Got req.url=/clone-c480d/us-central1/api/payments/create?total=139900, mapping to path=/payments/create?total=139900 {"metadata":{"emulator":{"name":"functions"},"message":"[functions] Got req.url=/clone-c480d/us-central1/api/payments/create?total=139900, mapping to path=/payments/create?total=139900"}}
[debug] [2022-07-15T08:10:19.539Z] [runtime-status] [13404] Ephemeral server handling POST request {"metadata":{"emulator":{"name":"functions"},"function":{"name":"us-central1-api"},"extension":{},"message":"[runtime-status] [13404] Ephemeral server handling POST request"}}
[info] >  PAYMENT REQUEST RECIEVED BOOM!!! for this amount >>>  139900 {"user":"PAYMENT REQUEST RECIEVED BOOM!!! for this amount >>>  139900","metadata":{"emulator":{"name":"functions"},"function":{"name":"us-central1-api"},"extension":{},"message":"\u001b[90m> \u001b[39m PAYMENT REQUEST RECIEVED BOOM!!! for this amount >>>  139900"}}
[debug] [2022-07-15T08:10:19.541Z] [runtime-status] [13404] Ephemeral server survived. {"metadata":{"emulator":{"name":"functions"},"function":{"name":"us-central1-api"},"extension":{},"message":"[runtime-status] [13404] Ephemeral server survived."}}
[info] i  functions: Finished "api" in ~1s {"metadata":{"emulator":{"name":"functions"},"function":{"name":"us-central1-api"},"extension":{},"message":"Finished \"api\" in ~1s"}}
[debug] [2022-07-15T08:10:20.480Z] [worker-us-central1-api-2f9a67f5-c91b-491b-849f-87b9df15b8f6]: IDLE {"metadata":{"emulator":{"name":"functions"},"message":"[worker-us-central1-api-2f9a67f5-c91b-491b-849f-87b9df15b8f6]: IDLE"}}
[debug] [2022-07-15T08:10:20.481Z] [work-queue] {"queueLength":0,"workRunningCount":0}
[debug] [2022-07-15T08:11:16.151Z] [work-queue] {"queueLength":1,"workRunningCount":0}
[debug] [2022-07-15T08:11:16.152Z] [work-queue] {"queueLength":0,"workRunningCount":1}
[debug] [2022-07-15T08:11:16.152Z] Accepted request POST /clone-c480d/us-central1/api/payments/create?total=139900 --> us-central1-api
[debug] [2022-07-15T08:11:16.152Z] [worker-pool] submitWork(triggerId=us-central1-api) {"metadata":{"emulator":{"name":"functions"},"message":"[worker-pool] submitWork(triggerId=us-central1-api)"}}
[debug] [2022-07-15T08:11:16.152Z] [worker-us-central1-api-2f9a67f5-c91b-491b-849f-87b9df15b8f6]: BUSY {"metadata":{"emulator":{"name":"functions"},"message":"[worker-us-central1-api-2f9a67f5-c91b-491b-849f-87b9df15b8f6]: BUSY"}}
[debug] [2022-07-15T08:11:16.153Z] [runtime-status] [13404] Beginning invocation function api! {"metadata":{"emulator":{"name":"functions"},"function":{"name":"us-central1-api"},"extension":{},"message":"[runtime-status] [13404] Beginning invocation function api!"}}
[info] i  functions: Beginning execution of "api" {"metadata":{"emulator":{"name":"functions"},"function":{"name":"us-central1-api"},"extension":{},"message":"Beginning execution of \"api\""}}
[debug] [2022-07-15T08:11:16.154Z] [runtime-status] [13404] Running api in signature http {"metadata":{"emulator":{"name":"functions"},"function":{"name":"us-central1-api"},"extension":{},"message":"[runtime-status] [13404] Running api in signature http"}}
[debug] [2022-07-15T08:11:16.154Z] [runtime-status] [13404] Attempting to listen to port: \\?\pipe\fire_emu_70184965dd30d4b5 {"metadata":{"emulator":{"name":"functions"},"function":{"name":"us-central1-api"},"extension":{},"message":"[runtime-status] [13404] Attempting to listen to port: \\\\?\\pipe\\fire_emu_70184965dd30d4b5"}}
[debug] [2022-07-15T08:11:16.154Z] [runtime-status] [13404] Listening to port: \\?\pipe\fire_emu_70184965dd30d4b5 {"metadata":{"emulator":{"name":"functions"},"function":{"name":"us-central1-api"},"extension":{},"message":"[runtime-status] [13404] Listening to port: \\\\?\\pipe\\fire_emu_70184965dd30d4b5"}}
[debug] [2022-07-15T08:11:16.155Z] [functions] Runtime ready! Sending request! {"metadata":{"emulator":{"name":"functions"},"message":"[functions] Runtime ready! Sending request!"}}
[debug] [2022-07-15T08:11:16.156Z] [functions] Got req.url=/clone-c480d/us-central1/api/payments/create?total=139900, mapping to path=/payments/create?total=139900 {"metadata":{"emulator":{"name":"functions"},"message":"[functions] Got req.url=/clone-c480d/us-central1/api/payments/create?total=139900, mapping to path=/payments/create?total=139900"}}
[debug] [2022-07-15T08:11:16.158Z] [runtime-status] [13404] Ephemeral server handling POST request {"metadata":{"emulator":{"name":"functions"},"function":{"name":"us-central1-api"},"extension":{},"message":"[runtime-status] [13404] Ephemeral server handling POST request"}}
[info] >  PAYMENT REQUEST RECIEVED BOOM!!! for this amount >>>  139900 {"user":"PAYMENT REQUEST RECIEVED BOOM!!! for this amount >>>  139900","metadata":{"emulator":{"name":"functions"},"function":{"name":"us-central1-api"},"extension":{},"message":"\u001b[90m> \u001b[39m PAYMENT REQUEST RECIEVED BOOM!!! for this amount >>>  139900"}}
[debug] [2022-07-15T08:11:16.159Z] [runtime-status] [13404] Ephemeral server survived. {"metadata":{"emulator":{"name":"functions"},"function":{"name":"us-central1-api"},"extension":{},"message":"[runtime-status] [13404] Ephemeral server survived."}}
[info] i  functions: Finished "api" in ~1s {"metadata":{"emulator":{"name":"functions"},"function":{"name":"us-central1-api"},"extension":{},"message":"Finished \"api\" in ~1s"}}
[debug] [2022-07-15T08:11:16.637Z] [worker-us-central1-api-2f9a67f5-c91b-491b-849f-87b9df15b8f6]: IDLE {"metadata":{"emulator":{"name":"functions"},"message":"[worker-us-central1-api-2f9a67f5-c91b-491b-849f-87b9df15b8f6]: IDLE"}}
[debug] [2022-07-15T08:11:16.638Z] [work-queue] {"queueLength":0,"workRunningCount":0}
[debug] [2022-07-15T08:11:31.276Z] [work-queue] {"queueLength":1,"workRunningCount":0}
[debug] [2022-07-15T08:11:31.276Z] [work-queue] {"queueLength":0,"workRunningCount":1}
[debug] [2022-07-15T08:11:31.277Z] Accepted request POST /clone-c480d/us-central1/api/payments/create?total=0 --> us-central1-api
[debug] [2022-07-15T08:11:31.277Z] [worker-pool] submitWork(triggerId=us-central1-api) {"metadata":{"emulator":{"name":"functions"},"message":"[worker-pool] submitWork(triggerId=us-central1-api)"}}
[debug] [2022-07-15T08:11:31.277Z] [worker-us-central1-api-2f9a67f5-c91b-491b-849f-87b9df15b8f6]: BUSY {"metadata":{"emulator":{"name":"functions"},"message":"[worker-us-central1-api-2f9a67f5-c91b-491b-849f-87b9df15b8f6]: BUSY"}}
[debug] [2022-07-15T08:11:31.277Z] [runtime-status] [13404] Beginning invocation function api! {"metadata":{"emulator":{"name":"functions"},"function":{"name":"us-central1-api"},"extension":{},"message":"[runtime-status] [13404] Beginning invocation function api!"}}
[info] i  functions: Beginning execution of "api" {"metadata":{"emulator":{"name":"functions"},"function":{"name":"us-central1-api"},"extension":{},"message":"Beginning execution of \"api\""}}
[debug] [2022-07-15T08:11:31.278Z] [runtime-status] [13404] Running api in signature http {"metadata":{"emulator":{"name":"functions"},"function":{"name":"us-central1-api"},"extension":{},"message":"[runtime-status] [13404] Running api in signature http"}}
[debug] [2022-07-15T08:11:31.279Z] [runtime-status] [13404] Attempting to listen to port: \\?\pipe\fire_emu_70184965dd30d4b5 {"metadata":{"emulator":{"name":"functions"},"function":{"name":"us-central1-api"},"extension":{},"message":"[runtime-status] [13404] Attempting to listen to port: \\\\?\\pipe\\fire_emu_70184965dd30d4b5"}}
[debug] [2022-07-15T08:11:31.279Z] [runtime-status] [13404] Listening to port: \\?\pipe\fire_emu_70184965dd30d4b5 {"metadata":{"emulator":{"name":"functions"},"function":{"name":"us-central1-api"},"extension":{},"message":"[runtime-status] [13404] Listening to port: \\\\?\\pipe\\fire_emu_70184965dd30d4b5"}}
[debug] [2022-07-15T08:11:31.280Z] [functions] Runtime ready! Sending request! {"metadata":{"emulator":{"name":"functions"},"message":"[functions] Runtime ready! Sending request!"}}
[debug] [2022-07-15T08:11:31.280Z] [functions] Got req.url=/clone-c480d/us-central1/api/payments/create?total=0, mapping to path=/payments/create?total=0 {"metadata":{"emulator":{"name":"functions"},"message":"[functions] Got req.url=/clone-c480d/us-central1/api/payments/create?total=0, mapping to path=/payments/create?total=0"}}
[debug] [2022-07-15T08:11:31.283Z] [runtime-status] [13404] Ephemeral server handling POST request {"metadata":{"emulator":{"name":"functions"},"function":{"name":"us-central1-api"},"extension":{},"message":"[runtime-status] [13404] Ephemeral server handling POST request"}}
[info] >  PAYMENT REQUEST RECIEVED BOOM!!! for this amount >>>  0 {"user":"PAYMENT REQUEST RECIEVED BOOM!!! for this amount >>>  0","metadata":{"emulator":{"name":"functions"},"function":{"name":"us-central1-api"},"extension":{},"message":"\u001b[90m> \u001b[39m PAYMENT REQUEST RECIEVED BOOM!!! for this amount >>>  0"}}
[debug] [2022-07-15T08:11:31.284Z] [runtime-status] [13404] Ephemeral server survived. {"metadata":{"emulator":{"name":"functions"},"function":{"name":"us-central1-api"},"extension":{},"message":"[runtime-status] [13404] Ephemeral server survived."}}
[info] >  D:\ProgrammingLanguage\WEB DEV\React JS\Amazon-Clone\functions\node_modules\stripe\lib\Error.js:40 {"user":"D:\\ProgrammingLanguage\\WEB DEV\\React JS\\Amazon-Clone\\functions\\node_modules\\stripe\\lib\\Error.js:40\r","metadata":{"emulator":{"name":"functions"},"function":{"name":"us-central1-api"},"extension":{},"message":"\u001b[90m> \u001b[39m D:\\ProgrammingLanguage\\WEB DEV\\React JS\\Amazon-Clone\\functions\\node_modules\\stripe\\lib\\Error.js:40\r"}}
[info] >          return new StripeInvalidRequestError(rawStripeError); {"user":"        return new StripeInvalidRequestError(rawStripeError);\r","metadata":{"emulator":{"name":"functions"},"function":{"name":"us-central1-api"},"extension":{},"message":"\u001b[90m> \u001b[39m         return new StripeInvalidRequestError(rawStripeError);\r"}}
[info] >                 ^ {"user":"               ^\r","metadata":{"emulator":{"name":"functions"},"function":{"name":"us-central1-api"},"extension":{},"message":"\u001b[90m> \u001b[39m                ^\r"}}
[info] >   {"user":"\r","metadata":{"emulator":{"name":"functions"},"function":{"name":"us-central1-api"},"extension":{},"message":"\u001b[90m> \u001b[39m \r"}}
[info] >  StripeInvalidRequestError: This value must be greater than or equal to 1. {"user":"StripeInvalidRequestError: This value must be greater than or equal to 1.\r","metadata":{"emulator":{"name":"functions"},"function":{"name":"us-central1-api"},"extension":{},"message":"\u001b[90m> \u001b[39m StripeInvalidRequestError: This value must be greater than or equal to 1.\r"}}
[info] >      at Function.generate (D:\ProgrammingLanguage\WEB DEV\React JS\Amazon-Clone\functions\node_modules\stripe\lib\Error.js:40:16) {"user":"    at Function.generate (D:\\ProgrammingLanguage\\WEB DEV\\React JS\\Amazon-Clone\\functions\\node_modules\\stripe\\lib\\Error.js:40:16)\r","metadata":{"emulator":{"name":"functions"},"function":{"name":"us-central1-api"},"extension":{},"message":"\u001b[90m> \u001b[39m     at Function.generate (D:\\ProgrammingLanguage\\WEB DEV\\React JS\\Amazon-Clone\\functions\\node_modules\\stripe\\lib\\Error.js:40:16)\r"}}
[info] >      at res.toJSON.then.StripeAPIError.message (D:\ProgrammingLanguage\WEB DEV\React JS\Amazon-Clone\functions\node_modules\stripe\lib\StripeResource.js:226:35) {"user":"    at res.toJSON.then.StripeAPIError.message (D:\\ProgrammingLanguage\\WEB DEV\\React JS\\Amazon-Clone\\functions\\node_modules\\stripe\\lib\\StripeResource.js:226:35)\r","metadata":{"emulator":{"name":"functions"},"function":{"name":"us-central1-api"},"extension":{},"message":"\u001b[90m> \u001b[39m     at res.toJSON.then.StripeAPIError.message (D:\\ProgrammingLanguage\\WEB DEV\\React JS\\Amazon-Clone\\functions\\node_modules\\stripe\\lib\\StripeResource.js:226:35)\r"}}
[info] >      at processTicksAndRejections (node:internal/process/task_queues:96:5) { {"user":"    at processTicksAndRejections (node:internal/process/task_queues:96:5) {\r","metadata":{"emulator":{"name":"functions"},"function":{"name":"us-central1-api"},"extension":{},"message":"\u001b[90m> \u001b[39m     at processTicksAndRejections (node:internal/process/task_queues:96:5) {\r"}}
[info] >    type: 'StripeInvalidRequestError', {"user":"  type: 'StripeInvalidRequestError',\r","metadata":{"emulator":{"name":"functions"},"function":{"name":"us-central1-api"},"extension":{},"message":"\u001b[90m> \u001b[39m   type: 'StripeInvalidRequestError',\r"}}
[info] >    raw: { {"user":"  raw: {\r","metadata":{"emulator":{"name":"functions"},"function":{"name":"us-central1-api"},"extension":{},"message":"\u001b[90m> \u001b[39m   raw: {\r"}}
[info] >      code: 'parameter_invalid_integer', {"user":"    code: 'parameter_invalid_integer',\r","metadata":{"emulator":{"name":"functions"},"function":{"name":"us-central1-api"},"extension":{},"message":"\u001b[90m> \u001b[39m     code: 'parameter_invalid_integer',\r"}}
[info] >      doc_url: 'https://stripe.com/docs/error-codes/parameter-invalid-integer', {"user":"    doc_url: 'https://stripe.com/docs/error-codes/parameter-invalid-integer',\r","metadata":{"emulator":{"name":"functions"},"function":{"name":"us-central1-api"},"extension":{},"message":"\u001b[90m> \u001b[39m     doc_url: 'https://stripe.com/docs/error-codes/parameter-invalid-integer',\r"}}
[info] >      message: 'This value must be greater than or equal to 1.', {"user":"    message: 'This value must be greater than or equal to 1.',\r","metadata":{"emulator":{"name":"functions"},"function":{"name":"us-central1-api"},"extension":{},"message":"\u001b[90m> \u001b[39m     message: 'This value must be greater than or equal to 1.',\r"}}
[info] >      param: 'amount', {"user":"    param: 'amount',\r","metadata":{"emulator":{"name":"functions"},"function":{"name":"us-central1-api"},"extension":{},"message":"\u001b[90m> \u001b[39m     param: 'amount',\r"}}
[info] >      type: 'invalid_request_error', {"user":"    type: 'invalid_request_error',\r","metadata":{"emulator":{"name":"functions"},"function":{"name":"us-central1-api"},"extension":{},"message":"\u001b[90m> \u001b[39m     type: 'invalid_request_error',\r"}}
[info] >      headers: { {"user":"    headers: {\r","metadata":{"emulator":{"name":"functions"},"function":{"name":"us-central1-api"},"extension":{},"message":"\u001b[90m> \u001b[39m     headers: {\r"}}
[info] >        server: 'nginx', {"user":"      server: 'nginx',\r","metadata":{"emulator":{"name":"functions"},"function":{"name":"us-central1-api"},"extension":{},"message":"\u001b[90m> \u001b[39m       server: 'nginx',\r"}}
[info] >        date: 'Fri, 15 Jul 2022 08:11:31 GMT', {"user":"      date: 'Fri, 15 Jul 2022 08:11:31 GMT',\r","metadata":{"emulator":{"name":"functions"},"function":{"name":"us-central1-api"},"extension":{},"message":"\u001b[90m> \u001b[39m       date: 'Fri, 15 Jul 2022 08:11:31 GMT',\r"}}
[info] >        'content-type': 'application/json', {"user":"      'content-type': 'application/json',\r","metadata":{"emulator":{"name":"functions"},"function":{"name":"us-central1-api"},"extension":{},"message":"\u001b[90m> \u001b[39m       'content-type': 'application/json',\r"}}
[info] >        'content-length': '266', {"user":"      'content-length': '266',\r","metadata":{"emulator":{"name":"functions"},"function":{"name":"us-central1-api"},"extension":{},"message":"\u001b[90m> \u001b[39m       'content-length': '266',\r"}}
[info] >        connection: 'keep-alive', {"user":"      connection: 'keep-alive',\r","metadata":{"emulator":{"name":"functions"},"function":{"name":"us-central1-api"},"extension":{},"message":"\u001b[90m> \u001b[39m       connection: 'keep-alive',\r"}}
[info] >        'access-control-allow-credentials': 'true', {"user":"      'access-control-allow-credentials': 'true',\r","metadata":{"emulator":{"name":"functions"},"function":{"name":"us-central1-api"},"extension":{},"message":"\u001b[90m> \u001b[39m       'access-control-allow-credentials': 'true',\r"}}
[info] >        'access-control-allow-methods': 'GET, POST, HEAD, OPTIONS, DELETE', {"user":"      'access-control-allow-methods': 'GET, POST, HEAD, OPTIONS, DELETE',\r","metadata":{"emulator":{"name":"functions"},"function":{"name":"us-central1-api"},"extension":{},"message":"\u001b[90m> \u001b[39m       'access-control-allow-methods': 'GET, POST, HEAD, OPTIONS, DELETE',\r"}}
[info] >        'access-control-allow-origin': '*', {"user":"      'access-control-allow-origin': '*',\r","metadata":{"emulator":{"name":"functions"},"function":{"name":"us-central1-api"},"extension":{},"message":"\u001b[90m> \u001b[39m       'access-control-allow-origin': '*',\r"}}
[info] >        'access-control-expose-headers': 'Request-Id, Stripe-Manage-Version, X-Stripe-External-Auth-Required, X-Stripe-Privileged-Session-Required', {"user":"      'access-control-expose-headers': 'Request-Id, Stripe-Manage-Version, X-Stripe-External-Auth-Required, X-Stripe-Privileged-Session-Required',\r","metadata":{"emulator":{"name":"functions"},"function":{"name":"us-central1-api"},"extension":{},"message":"\u001b[90m> \u001b[39m       'access-control-expose-headers': 'Request-Id, Stripe-Manage-Version, X-Stripe-External-Auth-Required, X-Stripe-Privileged-Session-Required',\r"}}
[info] >        'access-control-max-age': '300', {"user":"      'access-control-max-age': '300',\r","metadata":{"emulator":{"name":"functions"},"function":{"name":"us-central1-api"},"extension":{},"message":"\u001b[90m> \u001b[39m       'access-control-max-age': '300',\r"}}
[info] >        'cache-control': 'no-cache, no-store', {"user":"      'cache-control': 'no-cache, no-store',\r","metadata":{"emulator":{"name":"functions"},"function":{"name":"us-central1-api"},"extension":{},"message":"\u001b[90m> \u001b[39m       'cache-control': 'no-cache, no-store',\r"}}
[info] >        'idempotency-key': '72dd425c-259a-4c27-a933-e6c202387d08', {"user":"      'idempotency-key': '72dd425c-259a-4c27-a933-e6c202387d08',\r","metadata":{"emulator":{"name":"functions"},"function":{"name":"us-central1-api"},"extension":{},"message":"\u001b[90m> \u001b[39m       'idempotency-key': '72dd425c-259a-4c27-a933-e6c202387d08',\r"}}
[info] >        'original-request': 'req_gC7BdcD5XGbmjm', {"user":"      'original-request': 'req_gC7BdcD5XGbmjm',\r","metadata":{"emulator":{"name":"functions"},"function":{"name":"us-central1-api"},"extension":{},"message":"\u001b[90m> \u001b[39m       'original-request': 'req_gC7BdcD5XGbmjm',\r"}}
[info] >        'request-id': 'req_gC7BdcD5XGbmjm', {"user":"      'request-id': 'req_gC7BdcD5XGbmjm',\r","metadata":{"emulator":{"name":"functions"},"function":{"name":"us-central1-api"},"extension":{},"message":"\u001b[90m> \u001b[39m       'request-id': 'req_gC7BdcD5XGbmjm',\r"}}
[info] >        'stripe-version': '2020-08-27', {"user":"      'stripe-version': '2020-08-27',\r","metadata":{"emulator":{"name":"functions"},"function":{"name":"us-central1-api"},"extension":{},"message":"\u001b[90m> \u001b[39m       'stripe-version': '2020-08-27',\r"}}
[info] >        'strict-transport-security': 'max-age=31556926; includeSubDomains; preload' {"user":"      'strict-transport-security': 'max-age=31556926; includeSubDomains; preload'\r","metadata":{"emulator":{"name":"functions"},"function":{"name":"us-central1-api"},"extension":{},"message":"\u001b[90m> \u001b[39m       'strict-transport-security': 'max-age=31556926; includeSubDomains; preload'\r"}}
[info] >      }, {"user":"    },\r","metadata":{"emulator":{"name":"functions"},"function":{"name":"us-central1-api"},"extension":{},"message":"\u001b[90m> \u001b[39m     },\r"}}
[info] >      statusCode: 400, {"user":"    statusCode: 400,\r","metadata":{"emulator":{"name":"functions"},"function":{"name":"us-central1-api"},"extension":{},"message":"\u001b[90m> \u001b[39m     statusCode: 400,\r"}}
[info] >      requestId: 'req_gC7BdcD5XGbmjm' {"user":"    requestId: 'req_gC7BdcD5XGbmjm'\r","metadata":{"emulator":{"name":"functions"},"function":{"name":"us-central1-api"},"extension":{},"message":"\u001b[90m> \u001b[39m     requestId: 'req_gC7BdcD5XGbmjm'\r"}}
[info] >    }, {"user":"  },\r","metadata":{"emulator":{"name":"functions"},"function":{"name":"us-central1-api"},"extension":{},"message":"\u001b[90m> \u001b[39m   },\r"}}
[info] >    rawType: 'invalid_request_error', {"user":"  rawType: 'invalid_request_error',\r","metadata":{"emulator":{"name":"functions"},"function":{"name":"us-central1-api"},"extension":{},"message":"\u001b[90m> \u001b[39m   rawType: 'invalid_request_error',\r"}}
[info] >    code: 'parameter_invalid_integer', {"user":"  code: 'parameter_invalid_integer',\r","metadata":{"emulator":{"name":"functions"},"function":{"name":"us-central1-api"},"extension":{},"message":"\u001b[90m> \u001b[39m   code: 'parameter_invalid_integer',\r"}}
[info] >    doc_url: 'https://stripe.com/docs/error-codes/parameter-invalid-integer', {"user":"  doc_url: 'https://stripe.com/docs/error-codes/parameter-invalid-integer',\r","metadata":{"emulator":{"name":"functions"},"function":{"name":"us-central1-api"},"extension":{},"message":"\u001b[90m> \u001b[39m   doc_url: 'https://stripe.com/docs/error-codes/parameter-invalid-integer',\r"}}
[info] >    param: 'amount', {"user":"  param: 'amount',\r","metadata":{"emulator":{"name":"functions"},"function":{"name":"us-central1-api"},"extension":{},"message":"\u001b[90m> \u001b[39m   param: 'amount',\r"}}
[info] >    detail: undefined, {"user":"  detail: undefined,\r","metadata":{"emulator":{"name":"functions"},"function":{"name":"us-central1-api"},"extension":{},"message":"\u001b[90m> \u001b[39m   detail: undefined,\r"}}
[info] >    headers: { {"user":"  headers: {\r","metadata":{"emulator":{"name":"functions"},"function":{"name":"us-central1-api"},"extension":{},"message":"\u001b[90m> \u001b[39m   headers: {\r"}}
[info] >      server: 'nginx', {"user":"    server: 'nginx',\r","metadata":{"emulator":{"name":"functions"},"function":{"name":"us-central1-api"},"extension":{},"message":"\u001b[90m> \u001b[39m     server: 'nginx',\r"}}
[info] >      date: 'Fri, 15 Jul 2022 08:11:31 GMT', {"user":"    date: 'Fri, 15 Jul 2022 08:11:31 GMT',\r","metadata":{"emulator":{"name":"functions"},"function":{"name":"us-central1-api"},"extension":{},"message":"\u001b[90m> \u001b[39m     date: 'Fri, 15 Jul 2022 08:11:31 GMT',\r"}}
[info] >      'content-type': 'application/json', {"user":"    'content-type': 'application/json',\r","metadata":{"emulator":{"name":"functions"},"function":{"name":"us-central1-api"},"extension":{},"message":"\u001b[90m> \u001b[39m     'content-type': 'application/json',\r"}}
[info] >      'content-length': '266', {"user":"    'content-length': '266',\r","metadata":{"emulator":{"name":"functions"},"function":{"name":"us-central1-api"},"extension":{},"message":"\u001b[90m> \u001b[39m     'content-length': '266',\r"}}
[info] >      connection: 'keep-alive', {"user":"    connection: 'keep-alive',\r","metadata":{"emulator":{"name":"functions"},"function":{"name":"us-central1-api"},"extension":{},"message":"\u001b[90m> \u001b[39m     connection: 'keep-alive',\r"}}
[info] >      'access-control-allow-credentials': 'true', {"user":"    'access-control-allow-credentials': 'true',\r","metadata":{"emulator":{"name":"functions"},"function":{"name":"us-central1-api"},"extension":{},"message":"\u001b[90m> \u001b[39m     'access-control-allow-credentials': 'true',\r"}}
[info] >      'access-control-allow-methods': 'GET, POST, HEAD, OPTIONS, DELETE', {"user":"    'access-control-allow-methods': 'GET, POST, HEAD, OPTIONS, DELETE',\r","metadata":{"emulator":{"name":"functions"},"function":{"name":"us-central1-api"},"extension":{},"message":"\u001b[90m> \u001b[39m     'access-control-allow-methods': 'GET, POST, HEAD, OPTIONS, DELETE',\r"}}
[info] >      'access-control-allow-origin': '*', {"user":"    'access-control-allow-origin': '*',\r","metadata":{"emulator":{"name":"functions"},"function":{"name":"us-central1-api"},"extension":{},"message":"\u001b[90m> \u001b[39m     'access-control-allow-origin': '*',\r"}}
[info] >      'access-control-expose-headers': 'Request-Id, Stripe-Manage-Version, X-Stripe-External-Auth-Required, X-Stripe-Privileged-Session-Required', {"user":"    'access-control-expose-headers': 'Request-Id, Stripe-Manage-Version, X-Stripe-External-Auth-Required, X-Stripe-Privileged-Session-Required',\r","metadata":{"emulator":{"name":"functions"},"function":{"name":"us-central1-api"},"extension":{},"message":"\u001b[90m> \u001b[39m     'access-control-expose-headers': 'Request-Id, Stripe-Manage-Version, X-Stripe-External-Auth-Required, X-Stripe-Privileged-Session-Required',\r"}}
[info] >      'access-control-max-age': '300', {"user":"    'access-control-max-age': '300',\r","metadata":{"emulator":{"name":"functions"},"function":{"name":"us-central1-api"},"extension":{},"message":"\u001b[90m> \u001b[39m     'access-control-max-age': '300',\r"}}
[info] >      'cache-control': 'no-cache, no-store', {"user":"    'cache-control': 'no-cache, no-store',\r","metadata":{"emulator":{"name":"functions"},"function":{"name":"us-central1-api"},"extension":{},"message":"\u001b[90m> \u001b[39m     'cache-control': 'no-cache, no-store',\r"}}
[info] >      'idempotency-key': '72dd425c-259a-4c27-a933-e6c202387d08', {"user":"    'idempotency-key': '72dd425c-259a-4c27-a933-e6c202387d08',\r","metadata":{"emulator":{"name":"functions"},"function":{"name":"us-central1-api"},"extension":{},"message":"\u001b[90m> \u001b[39m     'idempotency-key': '72dd425c-259a-4c27-a933-e6c202387d08',\r"}}
[info] >      'original-request': 'req_gC7BdcD5XGbmjm', {"user":"    'original-request': 'req_gC7BdcD5XGbmjm',\r","metadata":{"emulator":{"name":"functions"},"function":{"name":"us-central1-api"},"extension":{},"message":"\u001b[90m> \u001b[39m     'original-request': 'req_gC7BdcD5XGbmjm',\r"}}
[info] >      'request-id': 'req_gC7BdcD5XGbmjm', {"user":"    'request-id': 'req_gC7BdcD5XGbmjm',\r","metadata":{"emulator":{"name":"functions"},"function":{"name":"us-central1-api"},"extension":{},"message":"\u001b[90m> \u001b[39m     'request-id': 'req_gC7BdcD5XGbmjm',\r"}}
[info] >      'stripe-version': '2020-08-27', {"user":"    'stripe-version': '2020-08-27',\r","metadata":{"emulator":{"name":"functions"},"function":{"name":"us-central1-api"},"extension":{},"message":"\u001b[90m> \u001b[39m     'stripe-version': '2020-08-27',\r"}}
[info] >      'strict-transport-security': 'max-age=31556926; includeSubDomains; preload' {"user":"    'strict-transport-security': 'max-age=31556926; includeSubDomains; preload'\r","metadata":{"emulator":{"name":"functions"},"function":{"name":"us-central1-api"},"extension":{},"message":"\u001b[90m> \u001b[39m     'strict-transport-security': 'max-age=31556926; includeSubDomains; preload'\r"}}
[info] >    }, {"user":"  },\r","metadata":{"emulator":{"name":"functions"},"function":{"name":"us-central1-api"},"extension":{},"message":"\u001b[90m> \u001b[39m   },\r"}}
[info] >    requestId: 'req_gC7BdcD5XGbmjm', {"user":"  requestId: 'req_gC7BdcD5XGbmjm',\r","metadata":{"emulator":{"name":"functions"},"function":{"name":"us-central1-api"},"extension":{},"message":"\u001b[90m> \u001b[39m   requestId: 'req_gC7BdcD5XGbmjm',\r"}}
[info] >    statusCode: 400, {"user":"  statusCode: 400,\r","metadata":{"emulator":{"name":"functions"},"function":{"name":"us-central1-api"},"extension":{},"message":"\u001b[90m> \u001b[39m   statusCode: 400,\r"}}
[info] >    charge: undefined, {"user":"  charge: undefined,\r","metadata":{"emulator":{"name":"functions"},"function":{"name":"us-central1-api"},"extension":{},"message":"\u001b[90m> \u001b[39m   charge: undefined,\r"}}
[info] >    decline_code: undefined, {"user":"  decline_code: undefined,\r","metadata":{"emulator":{"name":"functions"},"function":{"name":"us-central1-api"},"extension":{},"message":"\u001b[90m> \u001b[39m   decline_code: undefined,\r"}}
[info] >    payment_intent: undefined, {"user":"  payment_intent: undefined,\r","metadata":{"emulator":{"name":"functions"},"function":{"name":"us-central1-api"},"extension":{},"message":"\u001b[90m> \u001b[39m   payment_intent: undefined,\r"}}
[info] >    payment_method: undefined, {"user":"  payment_method: undefined,\r","metadata":{"emulator":{"name":"functions"},"function":{"name":"us-central1-api"},"extension":{},"message":"\u001b[90m> \u001b[39m   payment_method: undefined,\r"}}
[info] >    payment_method_type: undefined, {"user":"  payment_method_type: undefined,\r","metadata":{"emulator":{"name":"functions"},"function":{"name":"us-central1-api"},"extension":{},"message":"\u001b[90m> \u001b[39m   payment_method_type: undefined,\r"}}
[info] >    setup_intent: undefined, {"user":"  setup_intent: undefined,\r","metadata":{"emulator":{"name":"functions"},"function":{"name":"us-central1-api"},"extension":{},"message":"\u001b[90m> \u001b[39m   setup_intent: undefined,\r"}}
[info] >    source: undefined {"user":"  source: undefined\r","metadata":{"emulator":{"name":"functions"},"function":{"name":"us-central1-api"},"extension":{},"message":"\u001b[90m> \u001b[39m   source: undefined\r"}}
[info] >  } {"user":"}\r","metadata":{"emulator":{"name":"functions"},"function":{"name":"us-central1-api"},"extension":{},"message":"\u001b[90m> \u001b[39m }\r"}}
[debug] [2022-07-15T08:11:31.769Z] [worker-us-central1-api-2f9a67f5-c91b-491b-849f-87b9df15b8f6]: exited {"metadata":{"emulator":{"name":"functions"},"message":"[worker-us-central1-api-2f9a67f5-c91b-491b-849f-87b9df15b8f6]: exited"}}
[debug] [2022-07-15T08:11:31.769Z] [worker-us-central1-api-2f9a67f5-c91b-491b-849f-87b9df15b8f6]: FINISHED {"metadata":{"emulator":{"name":"functions"},"message":"[worker-us-central1-api-2f9a67f5-c91b-491b-849f-87b9df15b8f6]: FINISHED"}}
[debug] [2022-07-15T08:11:31.770Z] [work-queue] {"queueLength":0,"workRunningCount":0}
[debug] [2022-07-15T08:11:39.037Z] [work-queue] {"queueLength":1,"workRunningCount":0}
[debug] [2022-07-15T08:11:39.037Z] [work-queue] {"queueLength":0,"workRunningCount":1}
[debug] [2022-07-15T08:11:39.037Z] Accepted request POST /clone-c480d/us-central1/api/payments/create?total=139900 --> us-central1-api
[debug] [2022-07-15T08:11:39.037Z] [worker-pool] Cleaned up workers for us-central1-api: 2 --> 1 {"metadata":{"emulator":{"name":"functions"},"message":"[worker-pool] Cleaned up workers for us-central1-api: 2 --> 1"}}
[debug] [2022-07-15T08:11:39.037Z] [worker-pool] submitWork(triggerId=us-central1-api) {"metadata":{"emulator":{"name":"functions"},"message":"[worker-pool] submitWork(triggerId=us-central1-api)"}}
[debug] [2022-07-15T08:11:39.037Z] [worker-us-central1-api-6f01e4c2-cb52-46c3-9f34-facceb147fef]: BUSY {"metadata":{"emulator":{"name":"functions"},"message":"[worker-us-central1-api-6f01e4c2-cb52-46c3-9f34-facceb147fef]: BUSY"}}
[debug] [2022-07-15T08:11:39.038Z] [runtime-status] [9592] Beginning invocation function api! {"metadata":{"emulator":{"name":"functions"},"function":{"name":"us-central1-api"},"extension":{},"message":"[runtime-status] [9592] Beginning invocation function api!"}}
[info] i  functions: Beginning execution of "api" {"metadata":{"emulator":{"name":"functions"},"function":{"name":"us-central1-api"},"extension":{},"message":"Beginning execution of \"api\""}}
[debug] [2022-07-15T08:11:39.039Z] [runtime-status] [9592] Running api in signature http {"metadata":{"emulator":{"name":"functions"},"function":{"name":"us-central1-api"},"extension":{},"message":"[runtime-status] [9592] Running api in signature http"}}
[debug] [2022-07-15T08:11:39.039Z] [runtime-status] [9592] Attempting to listen to port: \\?\pipe\fire_emu_8d75ec985ab3c073 {"metadata":{"emulator":{"name":"functions"},"function":{"name":"us-central1-api"},"extension":{},"message":"[runtime-status] [9592] Attempting to listen to port: \\\\?\\pipe\\fire_emu_8d75ec985ab3c073"}}
[debug] [2022-07-15T08:11:39.039Z] [runtime-status] [9592] Listening to port: \\?\pipe\fire_emu_8d75ec985ab3c073 {"metadata":{"emulator":{"name":"functions"},"function":{"name":"us-central1-api"},"extension":{},"message":"[runtime-status] [9592] Listening to port: \\\\?\\pipe\\fire_emu_8d75ec985ab3c073"}}
[debug] [2022-07-15T08:11:39.040Z] [functions] Runtime ready! Sending request! {"metadata":{"emulator":{"name":"functions"},"message":"[functions] Runtime ready! Sending request!"}}
[debug] [2022-07-15T08:11:39.040Z] [functions] Got req.url=/clone-c480d/us-central1/api/payments/create?total=139900, mapping to path=/payments/create?total=139900 {"metadata":{"emulator":{"name":"functions"},"message":"[functions] Got req.url=/clone-c480d/us-central1/api/payments/create?total=139900, mapping to path=/payments/create?total=139900"}}
[debug] [2022-07-15T08:11:39.042Z] [runtime-status] [9592] Ephemeral server handling POST request {"metadata":{"emulator":{"name":"functions"},"function":{"name":"us-central1-api"},"extension":{},"message":"[runtime-status] [9592] Ephemeral server handling POST request"}}
[info] >  PAYMENT REQUEST RECIEVED BOOM!!! for this amount >>>  139900 {"user":"PAYMENT REQUEST RECIEVED BOOM!!! for this amount >>>  139900","metadata":{"emulator":{"name":"functions"},"function":{"name":"us-central1-api"},"extension":{},"message":"\u001b[90m> \u001b[39m PAYMENT REQUEST RECIEVED BOOM!!! for this amount >>>  139900"}}
[debug] [2022-07-15T08:11:39.044Z] [runtime-status] [9592] Ephemeral server survived. {"metadata":{"emulator":{"name":"functions"},"function":{"name":"us-central1-api"},"extension":{},"message":"[runtime-status] [9592] Ephemeral server survived."}}
[info] i  functions: Finished "api" in ~1s {"metadata":{"emulator":{"name":"functions"},"function":{"name":"us-central1-api"},"extension":{},"message":"Finished \"api\" in ~1s"}}
[debug] [2022-07-15T08:11:40.078Z] [worker-us-central1-api-6f01e4c2-cb52-46c3-9f34-facceb147fef]: IDLE {"metadata":{"emulator":{"name":"functions"},"message":"[worker-us-central1-api-6f01e4c2-cb52-46c3-9f34-facceb147fef]: IDLE"}}
[debug] [2022-07-15T08:11:40.079Z] [work-queue] {"queueLength":0,"workRunningCount":0}
[debug] [2022-07-15T08:14:23.242Z] Received signal SIGHUP 1
